E:\Projects\CodingBlastChat\CodingBlastChat\wwwroot\out-tsc\src\app\app.component.js
E:\Projects\CodingBlastChat\CodingBlastChat\wwwroot\out-tsc\src\app\app.component.js.map
E:\Projects\CodingBlastChat\CodingBlastChat\wwwroot\out-tsc\src\app\app.module.js
E:\Projects\CodingBlastChat\CodingBlastChat\wwwroot\out-tsc\src\app\app.module.js.map
E:\Projects\CodingBlastChat\CodingBlastChat\wwwroot\out-tsc\src\environments\environment.js
E:\Projects\CodingBlastChat\CodingBlastChat\wwwroot\out-tsc\src\environments\environment.js.map
E:\Projects\CodingBlastChat\CodingBlastChat\wwwroot\out-tsc\src\main.js
E:\Projects\CodingBlastChat\CodingBlastChat\wwwroot\out-tsc\src\main.js.map
E:\Projects\CodingBlastChat\CodingBlastChat\wwwroot\out-tsc\src\polyfills.js
E:\Projects\CodingBlastChat\CodingBlastChat\wwwroot\out-tsc\src\polyfills.js.map
E:\Projects\CodingBlastChat\CodingBlastChat\wwwroot\out-tsc\src\test.js
E:\Projects\CodingBlastChat\CodingBlastChat\wwwroot\out-tsc\src\test.js.map
E:\Projects\CodingBlastChat\CodingBlastChat\wwwroot\out-tsc\src\environments\environment.prod.js
E:\Projects\CodingBlastChat\CodingBlastChat\wwwroot\out-tsc\src\environments\environment.prod.js.map
E:\Projects\CodingBlastChat\CodingBlastChat\wwwroot\out-tsc\src\app\app.component.spec.js
E:\Projects\CodingBlastChat\CodingBlastChat\wwwroot\out-tsc\src\app\app.component.spec.js.map
E:\Projects\CodingBlastChat\CodingBlastChat\wwwroot\out-tsc\e2e\app.po.js
E:\Projects\CodingBlastChat\CodingBlastChat\wwwroot\out-tsc\e2e\app.po.js.map
E:\Projects\CodingBlastChat\CodingBlastChat\wwwroot\out-tsc\e2e\app.e2e-spec.js
E:\Projects\CodingBlastChat\CodingBlastChat\wwwroot\out-tsc\e2e\app.e2e-spec.js.map
E:\Projects\CodingBlastChat\CodingBlastChat\wwwroot\out-tsc\src\app\app.component.js
E:\Projects\CodingBlastChat\CodingBlastChat\wwwroot\out-tsc\src\app\app.component.js.map
E:\Projects\CodingBlastChat\CodingBlastChat\wwwroot\out-tsc\src\app\app.module.js
E:\Projects\CodingBlastChat\CodingBlastChat\wwwroot\out-tsc\src\app\app.module.js.map
E:\Projects\CodingBlastChat\CodingBlastChat\wwwroot\out-tsc\src\environments\environment.js
E:\Projects\CodingBlastChat\CodingBlastChat\wwwroot\out-tsc\src\environments\environment.js.map
E:\Projects\CodingBlastChat\CodingBlastChat\wwwroot\out-tsc\src\main.js
E:\Projects\CodingBlastChat\CodingBlastChat\wwwroot\out-tsc\src\main.js.map
E:\Projects\CodingBlastChat\CodingBlastChat\wwwroot\out-tsc\src\polyfills.js
E:\Projects\CodingBlastChat\CodingBlastChat\wwwroot\out-tsc\src\polyfills.js.map
E:\Projects\CodingBlastChat\CodingBlastChat\wwwroot\out-tsc\src\test.js
E:\Projects\CodingBlastChat\CodingBlastChat\wwwroot\out-tsc\src\test.js.map
E:\Projects\CodingBlastChat\CodingBlastChat\wwwroot\out-tsc\src\environments\environment.prod.js
E:\Projects\CodingBlastChat\CodingBlastChat\wwwroot\out-tsc\src\environments\environment.prod.js.map
E:\Projects\CodingBlastChat\CodingBlastChat\wwwroot\out-tsc\src\app\app.component.spec.js
E:\Projects\CodingBlastChat\CodingBlastChat\wwwroot\out-tsc\src\app\app.component.spec.js.map
E:\Projects\CodingBlastChat\CodingBlastChat\wwwroot\out-tsc\e2e\app.po.js
E:\Projects\CodingBlastChat\CodingBlastChat\wwwroot\out-tsc\e2e\app.po.js.map
E:\Projects\CodingBlastChat\CodingBlastChat\wwwroot\out-tsc\e2e\app.e2e-spec.js
E:\Projects\CodingBlastChat\CodingBlastChat\wwwroot\out-tsc\e2e\app.e2e-spec.js.map
E:\Projects\CodingBlastChat\CodingBlastChat\wwwroot\out-tsc\src\app\app.component.js
E:\Projects\CodingBlastChat\CodingBlastChat\wwwroot\out-tsc\src\app\app.component.js.map
E:\Projects\CodingBlastChat\CodingBlastChat\wwwroot\out-tsc\src\app\app.module.js
E:\Projects\CodingBlastChat\CodingBlastChat\wwwroot\out-tsc\src\app\app.module.js.map
E:\Projects\CodingBlastChat\CodingBlastChat\wwwroot\out-tsc\src\environments\environment.js
E:\Projects\CodingBlastChat\CodingBlastChat\wwwroot\out-tsc\src\environments\environment.js.map
E:\Projects\CodingBlastChat\CodingBlastChat\wwwroot\out-tsc\src\main.js
E:\Projects\CodingBlastChat\CodingBlastChat\wwwroot\out-tsc\src\main.js.map
E:\Projects\CodingBlastChat\CodingBlastChat\wwwroot\out-tsc\src\polyfills.js
E:\Projects\CodingBlastChat\CodingBlastChat\wwwroot\out-tsc\src\polyfills.js.map
E:\Projects\CodingBlastChat\CodingBlastChat\wwwroot\out-tsc\src\test.js
E:\Projects\CodingBlastChat\CodingBlastChat\wwwroot\out-tsc\src\test.js.map
E:\Projects\CodingBlastChat\CodingBlastChat\wwwroot\out-tsc\src\environments\environment.prod.js
E:\Projects\CodingBlastChat\CodingBlastChat\wwwroot\out-tsc\src\environments\environment.prod.js.map
E:\Projects\CodingBlastChat\CodingBlastChat\wwwroot\out-tsc\src\app\app.component.spec.js
E:\Projects\CodingBlastChat\CodingBlastChat\wwwroot\out-tsc\src\app\app.component.spec.js.map
E:\Projects\CodingBlastChat\CodingBlastChat\wwwroot\out-tsc\e2e\app.po.js
E:\Projects\CodingBlastChat\CodingBlastChat\wwwroot\out-tsc\e2e\app.po.js.map
E:\Projects\CodingBlastChat\CodingBlastChat\wwwroot\out-tsc\e2e\app.e2e-spec.js
E:\Projects\CodingBlastChat\CodingBlastChat\wwwroot\out-tsc\e2e\app.e2e-spec.js.map
E:\Projects\CodingBlastChat\CodingBlastChat\wwwroot\out-tsc\src\app\app.component.js
E:\Projects\CodingBlastChat\CodingBlastChat\wwwroot\out-tsc\src\app\app.component.js.map
E:\Projects\CodingBlastChat\CodingBlastChat\wwwroot\out-tsc\src\app\app.module.js
E:\Projects\CodingBlastChat\CodingBlastChat\wwwroot\out-tsc\src\app\app.module.js.map
E:\Projects\CodingBlastChat\CodingBlastChat\wwwroot\out-tsc\src\environments\environment.js
E:\Projects\CodingBlastChat\CodingBlastChat\wwwroot\out-tsc\src\environments\environment.js.map
E:\Projects\CodingBlastChat\CodingBlastChat\wwwroot\out-tsc\src\main.js
E:\Projects\CodingBlastChat\CodingBlastChat\wwwroot\out-tsc\src\main.js.map
E:\Projects\CodingBlastChat\CodingBlastChat\wwwroot\out-tsc\src\polyfills.js
E:\Projects\CodingBlastChat\CodingBlastChat\wwwroot\out-tsc\src\polyfills.js.map
E:\Projects\CodingBlastChat\CodingBlastChat\wwwroot\out-tsc\src\test.js
E:\Projects\CodingBlastChat\CodingBlastChat\wwwroot\out-tsc\src\test.js.map
E:\Projects\CodingBlastChat\CodingBlastChat\wwwroot\out-tsc\src\environments\environment.prod.js
E:\Projects\CodingBlastChat\CodingBlastChat\wwwroot\out-tsc\src\environments\environment.prod.js.map
E:\Projects\CodingBlastChat\CodingBlastChat\wwwroot\out-tsc\src\app\app.component.spec.js
E:\Projects\CodingBlastChat\CodingBlastChat\wwwroot\out-tsc\src\app\app.component.spec.js.map
E:\Projects\CodingBlastChat\CodingBlastChat\wwwroot\out-tsc\e2e\app.po.js
E:\Projects\CodingBlastChat\CodingBlastChat\wwwroot\out-tsc\e2e\app.po.js.map
E:\Projects\CodingBlastChat\CodingBlastChat\wwwroot\out-tsc\e2e\app.e2e-spec.js
E:\Projects\CodingBlastChat\CodingBlastChat\wwwroot\out-tsc\e2e\app.e2e-spec.js.map
E:\Projects\CodingBlastChat\CodingBlastChat\wwwroot\out-tsc\src\app\app.component.js
E:\Projects\CodingBlastChat\CodingBlastChat\wwwroot\out-tsc\src\app\app.component.js.map
E:\Projects\CodingBlastChat\CodingBlastChat\wwwroot\out-tsc\src\app\app.module.js
E:\Projects\CodingBlastChat\CodingBlastChat\wwwroot\out-tsc\src\app\app.module.js.map
E:\Projects\CodingBlastChat\CodingBlastChat\wwwroot\out-tsc\src\environments\environment.js
E:\Projects\CodingBlastChat\CodingBlastChat\wwwroot\out-tsc\src\environments\environment.js.map
E:\Projects\CodingBlastChat\CodingBlastChat\wwwroot\out-tsc\src\main.js
E:\Projects\CodingBlastChat\CodingBlastChat\wwwroot\out-tsc\src\main.js.map
E:\Projects\CodingBlastChat\CodingBlastChat\wwwroot\out-tsc\src\polyfills.js
E:\Projects\CodingBlastChat\CodingBlastChat\wwwroot\out-tsc\src\polyfills.js.map
E:\Projects\CodingBlastChat\CodingBlastChat\wwwroot\out-tsc\src\test.js
E:\Projects\CodingBlastChat\CodingBlastChat\wwwroot\out-tsc\src\test.js.map
E:\Projects\CodingBlastChat\CodingBlastChat\wwwroot\out-tsc\src\environments\environment.prod.js
E:\Projects\CodingBlastChat\CodingBlastChat\wwwroot\out-tsc\src\environments\environment.prod.js.map
E:\Projects\CodingBlastChat\CodingBlastChat\wwwroot\out-tsc\src\app\app.component.spec.js
E:\Projects\CodingBlastChat\CodingBlastChat\wwwroot\out-tsc\src\app\app.component.spec.js.map
E:\Projects\CodingBlastChat\CodingBlastChat\wwwroot\out-tsc\e2e\app.po.js
E:\Projects\CodingBlastChat\CodingBlastChat\wwwroot\out-tsc\e2e\app.po.js.map
E:\Projects\CodingBlastChat\CodingBlastChat\wwwroot\out-tsc\e2e\app.e2e-spec.js
E:\Projects\CodingBlastChat\CodingBlastChat\wwwroot\out-tsc\e2e\app.e2e-spec.js.map
E:\Projects\CodingBlastChat\CodingBlastChat\wwwroot\out-tsc\src\app\app.component.js
E:\Projects\CodingBlastChat\CodingBlastChat\wwwroot\out-tsc\src\app\app.component.js.map
E:\Projects\CodingBlastChat\CodingBlastChat\wwwroot\out-tsc\src\app\app.module.js
E:\Projects\CodingBlastChat\CodingBlastChat\wwwroot\out-tsc\src\app\app.module.js.map
E:\Projects\CodingBlastChat\CodingBlastChat\wwwroot\out-tsc\src\environments\environment.js
E:\Projects\CodingBlastChat\CodingBlastChat\wwwroot\out-tsc\src\environments\environment.js.map
E:\Projects\CodingBlastChat\CodingBlastChat\wwwroot\out-tsc\src\main.js
E:\Projects\CodingBlastChat\CodingBlastChat\wwwroot\out-tsc\src\main.js.map
E:\Projects\CodingBlastChat\CodingBlastChat\wwwroot\out-tsc\src\polyfills.js
E:\Projects\CodingBlastChat\CodingBlastChat\wwwroot\out-tsc\src\polyfills.js.map
E:\Projects\CodingBlastChat\CodingBlastChat\wwwroot\out-tsc\src\test.js
E:\Projects\CodingBlastChat\CodingBlastChat\wwwroot\out-tsc\src\test.js.map
E:\Projects\CodingBlastChat\CodingBlastChat\wwwroot\out-tsc\src\environments\environment.prod.js
E:\Projects\CodingBlastChat\CodingBlastChat\wwwroot\out-tsc\src\environments\environment.prod.js.map
E:\Projects\CodingBlastChat\CodingBlastChat\wwwroot\out-tsc\src\app\app.component.spec.js
E:\Projects\CodingBlastChat\CodingBlastChat\wwwroot\out-tsc\src\app\app.component.spec.js.map
E:\Projects\CodingBlastChat\CodingBlastChat\wwwroot\out-tsc\e2e\app.po.js
E:\Projects\CodingBlastChat\CodingBlastChat\wwwroot\out-tsc\e2e\app.po.js.map
E:\Projects\CodingBlastChat\CodingBlastChat\wwwroot\out-tsc\e2e\app.e2e-spec.js
E:\Projects\CodingBlastChat\CodingBlastChat\wwwroot\out-tsc\e2e\app.e2e-spec.js.map
E:\Projects\CodingBlastChat\CodingBlastChat\wwwroot\out-tsc\src\app\app.component.js
E:\Projects\CodingBlastChat\CodingBlastChat\wwwroot\out-tsc\src\app\app.component.js.map
E:\Projects\CodingBlastChat\CodingBlastChat\wwwroot\out-tsc\src\app\app.module.js
E:\Projects\CodingBlastChat\CodingBlastChat\wwwroot\out-tsc\src\app\app.module.js.map
E:\Projects\CodingBlastChat\CodingBlastChat\wwwroot\out-tsc\src\environments\environment.js
E:\Projects\CodingBlastChat\CodingBlastChat\wwwroot\out-tsc\src\environments\environment.js.map
E:\Projects\CodingBlastChat\CodingBlastChat\wwwroot\out-tsc\src\main.js
E:\Projects\CodingBlastChat\CodingBlastChat\wwwroot\out-tsc\src\main.js.map
E:\Projects\CodingBlastChat\CodingBlastChat\wwwroot\out-tsc\src\polyfills.js
E:\Projects\CodingBlastChat\CodingBlastChat\wwwroot\out-tsc\src\polyfills.js.map
E:\Projects\CodingBlastChat\CodingBlastChat\wwwroot\out-tsc\src\test.js
E:\Projects\CodingBlastChat\CodingBlastChat\wwwroot\out-tsc\src\test.js.map
E:\Projects\CodingBlastChat\CodingBlastChat\wwwroot\out-tsc\src\environments\environment.prod.js
E:\Projects\CodingBlastChat\CodingBlastChat\wwwroot\out-tsc\src\environments\environment.prod.js.map
E:\Projects\CodingBlastChat\CodingBlastChat\wwwroot\out-tsc\src\app\app.component.spec.js
E:\Projects\CodingBlastChat\CodingBlastChat\wwwroot\out-tsc\src\app\app.component.spec.js.map
E:\Projects\CodingBlastChat\CodingBlastChat\wwwroot\out-tsc\e2e\app.po.js
E:\Projects\CodingBlastChat\CodingBlastChat\wwwroot\out-tsc\e2e\app.po.js.map
E:\Projects\CodingBlastChat\CodingBlastChat\wwwroot\out-tsc\e2e\app.e2e-spec.js
E:\Projects\CodingBlastChat\CodingBlastChat\wwwroot\out-tsc\e2e\app.e2e-spec.js.map
E:\Projects\CodingBlastChat\CodingBlastChat\wwwroot\out-tsc\src\app\app.component.js
E:\Projects\CodingBlastChat\CodingBlastChat\wwwroot\out-tsc\src\app\app.component.js.map
E:\Projects\CodingBlastChat\CodingBlastChat\wwwroot\out-tsc\src\app\app.module.js
E:\Projects\CodingBlastChat\CodingBlastChat\wwwroot\out-tsc\src\app\app.module.js.map
E:\Projects\CodingBlastChat\CodingBlastChat\wwwroot\out-tsc\src\environments\environment.js
E:\Projects\CodingBlastChat\CodingBlastChat\wwwroot\out-tsc\src\environments\environment.js.map
E:\Projects\CodingBlastChat\CodingBlastChat\wwwroot\out-tsc\src\main.js
E:\Projects\CodingBlastChat\CodingBlastChat\wwwroot\out-tsc\src\main.js.map
E:\Projects\CodingBlastChat\CodingBlastChat\wwwroot\out-tsc\src\polyfills.js
E:\Projects\CodingBlastChat\CodingBlastChat\wwwroot\out-tsc\src\polyfills.js.map
E:\Projects\CodingBlastChat\CodingBlastChat\wwwroot\out-tsc\src\test.js
E:\Projects\CodingBlastChat\CodingBlastChat\wwwroot\out-tsc\src\test.js.map
E:\Projects\CodingBlastChat\CodingBlastChat\wwwroot\out-tsc\src\environments\environment.prod.js
E:\Projects\CodingBlastChat\CodingBlastChat\wwwroot\out-tsc\src\environments\environment.prod.js.map
E:\Projects\CodingBlastChat\CodingBlastChat\wwwroot\out-tsc\src\app\app.component.spec.js
E:\Projects\CodingBlastChat\CodingBlastChat\wwwroot\out-tsc\src\app\app.component.spec.js.map
E:\Projects\CodingBlastChat\CodingBlastChat\wwwroot\out-tsc\e2e\app.po.js
E:\Projects\CodingBlastChat\CodingBlastChat\wwwroot\out-tsc\e2e\app.po.js.map
E:\Projects\CodingBlastChat\CodingBlastChat\wwwroot\out-tsc\e2e\app.e2e-spec.js
E:\Projects\CodingBlastChat\CodingBlastChat\wwwroot\out-tsc\e2e\app.e2e-spec.js.map
E:\Projects\CodingBlastChat\CodingBlastChat\wwwroot\out-tsc\src\app\app.component.js
E:\Projects\CodingBlastChat\CodingBlastChat\wwwroot\out-tsc\src\app\app.component.js.map
E:\Projects\CodingBlastChat\CodingBlastChat\wwwroot\out-tsc\src\app\app.module.js
E:\Projects\CodingBlastChat\CodingBlastChat\wwwroot\out-tsc\src\app\app.module.js.map
E:\Projects\CodingBlastChat\CodingBlastChat\wwwroot\out-tsc\src\environments\environment.js
E:\Projects\CodingBlastChat\CodingBlastChat\wwwroot\out-tsc\src\environments\environment.js.map
E:\Projects\CodingBlastChat\CodingBlastChat\wwwroot\out-tsc\src\main.js
E:\Projects\CodingBlastChat\CodingBlastChat\wwwroot\out-tsc\src\main.js.map
E:\Projects\CodingBlastChat\CodingBlastChat\wwwroot\out-tsc\src\polyfills.js
E:\Projects\CodingBlastChat\CodingBlastChat\wwwroot\out-tsc\src\polyfills.js.map
E:\Projects\CodingBlastChat\CodingBlastChat\wwwroot\out-tsc\src\test.js
E:\Projects\CodingBlastChat\CodingBlastChat\wwwroot\out-tsc\src\test.js.map
E:\Projects\CodingBlastChat\CodingBlastChat\wwwroot\out-tsc\src\environments\environment.prod.js
E:\Projects\CodingBlastChat\CodingBlastChat\wwwroot\out-tsc\src\environments\environment.prod.js.map
E:\Projects\CodingBlastChat\CodingBlastChat\wwwroot\out-tsc\src\app\app.component.spec.js
E:\Projects\CodingBlastChat\CodingBlastChat\wwwroot\out-tsc\src\app\app.component.spec.js.map
E:\Projects\CodingBlastChat\CodingBlastChat\wwwroot\out-tsc\e2e\app.po.js
E:\Projects\CodingBlastChat\CodingBlastChat\wwwroot\out-tsc\e2e\app.po.js.map
E:\Projects\CodingBlastChat\CodingBlastChat\wwwroot\out-tsc\e2e\app.e2e-spec.js
E:\Projects\CodingBlastChat\CodingBlastChat\wwwroot\out-tsc\e2e\app.e2e-spec.js.map
E:\Projects\CodingBlastChat\CodingBlastChat\wwwroot\out-tsc\src\app\app.component.js
E:\Projects\CodingBlastChat\CodingBlastChat\wwwroot\out-tsc\src\app\app.component.js.map
E:\Projects\CodingBlastChat\CodingBlastChat\wwwroot\out-tsc\src\app\app.module.js
E:\Projects\CodingBlastChat\CodingBlastChat\wwwroot\out-tsc\src\app\app.module.js.map
E:\Projects\CodingBlastChat\CodingBlastChat\wwwroot\out-tsc\src\environments\environment.js
E:\Projects\CodingBlastChat\CodingBlastChat\wwwroot\out-tsc\src\environments\environment.js.map
E:\Projects\CodingBlastChat\CodingBlastChat\wwwroot\out-tsc\src\main.js
E:\Projects\CodingBlastChat\CodingBlastChat\wwwroot\out-tsc\src\main.js.map
E:\Projects\CodingBlastChat\CodingBlastChat\wwwroot\out-tsc\src\polyfills.js
E:\Projects\CodingBlastChat\CodingBlastChat\wwwroot\out-tsc\src\polyfills.js.map
E:\Projects\CodingBlastChat\CodingBlastChat\wwwroot\out-tsc\src\test.js
E:\Projects\CodingBlastChat\CodingBlastChat\wwwroot\out-tsc\src\test.js.map
E:\Projects\CodingBlastChat\CodingBlastChat\wwwroot\out-tsc\src\environments\environment.prod.js
E:\Projects\CodingBlastChat\CodingBlastChat\wwwroot\out-tsc\src\environments\environment.prod.js.map
E:\Projects\CodingBlastChat\CodingBlastChat\wwwroot\out-tsc\src\app\app.component.spec.js
E:\Projects\CodingBlastChat\CodingBlastChat\wwwroot\out-tsc\src\app\app.component.spec.js.map
E:\Projects\CodingBlastChat\CodingBlastChat\wwwroot\out-tsc\e2e\app.po.js
E:\Projects\CodingBlastChat\CodingBlastChat\wwwroot\out-tsc\e2e\app.po.js.map
E:\Projects\CodingBlastChat\CodingBlastChat\wwwroot\out-tsc\e2e\app.e2e-spec.js
E:\Projects\CodingBlastChat\CodingBlastChat\wwwroot\out-tsc\e2e\app.e2e-spec.js.map
